Arguments: 
  C:\Program Files\nodejs\node.exe C:\Users\Administrator.PC-20170504BLGJ\AppData\Roaming\npm\node_modules\yarn\bin\yarn.js add axios

PATH: 
  C:\Users\Administrator.PC-20170504BLGJ\bin;D:\Git\Git\mingw64\bin;D:\Git\Git\usr\local\bin;D:\Git\Git\usr\bin;D:\Git\Git\usr\bin;D:\Git\Git\mingw64\bin;D:\Git\Git\usr\bin;C:\Users\Administrator.PC-20170504BLGJ\bin;C:\ProgramData\Oracle\Java\javapath;C:\Windows\system32;C:\Windows;C:\Windows\System32\Wbem;C:\Windows\System32\WindowsPowerShell\v1.0;C:\Program Files\Java\jdk1.8.0_112\bin;D:\apache-tomcat-7.0.78\lib;D:\apache-tomcat-7.0.78\bin;D:\apache-maven-3.6.0\bin;C:\driver;C:\Program Files (x86)\Google\Chrome\Application;C:\Program Files\Mozilla Firefox;C:\Program Files\nodejs;D:\Git\Git\cmd;C:\Program Files\python\Scripts;C:\Program Files\python;F:\PyCharm 2018.3.4\bin;C:\Users\Administrator.PC-20170504BLGJ\AppData\Roaming\npm;C:\Program Files\MongoDB\Server\4.0\bin;D:\Git\Git\usr\bin\vendor_perl;D:\Git\Git\usr\bin\core_perl

Yarn version: 
  1.16.0

Node version: 
  10.16.0

Platform: 
  win32 x64

Trace: 
  Error: ENOENT: no such file or directory, copyfile 'C:\Users\Administrator.PC-20170504BLGJ\AppData\Local\Yarn\Cache\v4\npm-inherits-2.0.1-b17d08d326b4423e568eff719f91b0b1cbdf69f1\node_modules\inherits\inherits.js' -> 'F:\MyStudy\vue-my-app\node_modules\assert\node_modules\inherits\inherits.js'

npm manifest: 
  {
    "name": "vue-my-app",
    "version": "1.0.0",
    "description": "A Vue.js project",
    "author": "renwenji <renwenji@jsjd.cc>",
    "private": true,
    "scripts": {
      "dev": "webpack-dev-server --inline --progress --config build/webpack.dev.conf.js",
      "start": "npm run dev",
      "build": "node build/build.js"
    },
    "dependencies": {
      "fastclick": "^1.0.6",
      "vue": "^2.5.2",
      "vue-router": "^3.0.1",
      "vux": "^2.9.4"
    },
    "devDependencies": {
      "autoprefixer": "^7.1.2",
      "babel-core": "^6.22.1",
      "babel-helper-vue-jsx-merge-props": "^2.0.3",
      "babel-loader": "^7.1.1",
      "babel-plugin-syntax-jsx": "^6.18.0",
      "babel-plugin-transform-runtime": "^6.22.0",
      "babel-plugin-transform-vue-jsx": "^3.5.0",
      "babel-preset-env": "^1.3.2",
      "babel-preset-stage-2": "^6.22.0",
      "chalk": "^2.0.1",
      "copy-webpack-plugin": "^4.0.1",
      "css-loader": "^0.28.0",
      "extract-text-webpack-plugin": "^3.0.0",
      "file-loader": "^1.1.4",
      "friendly-errors-webpack-plugin": "^1.6.1",
      "html-webpack-plugin": "^2.30.1",
      "less": "^3.9.0",
      "less-loader": "^5.0.0",
      "node-notifier": "^5.1.2",
      "optimize-css-assets-webpack-plugin": "^3.2.0",
      "ora": "^1.2.0",
      "portfinder": "^1.0.13",
      "postcss-import": "^11.0.0",
      "postcss-loader": "^2.0.8",
      "postcss-url": "^7.2.1",
      "rimraf": "^2.6.0",
      "semver": "^5.3.0",
      "shelljs": "^0.7.6",
      "uglifyjs-webpack-plugin": "^1.1.1",
      "url-loader": "^0.5.8",
      "vue-loader": "^13.3.0",
      "vue-style-loader": "^3.0.1",
      "vue-template-compiler": "^2.5.2",
      "vux-loader": "^1.2.9",
      "webpack": "^3.6.0",
      "webpack-bundle-analyzer": "^2.9.0",
      "webpack-dev-server": "^2.9.1",
      "webpack-merge": "^4.1.0",
      "yaml-loader": "^0.5.0"
    },
    "engines": {
      "node": ">= 6.0.0",
      "npm": ">= 3.0.0"
    },
    "browserslist": [
      "> 1%",
      "last 2 versions",
      "not ie <= 8"
    ]
  }

yarn manifest: 
  No manifest

Lockfile: 
  No lockfile
